[debug] [2023-05-14T03:40:36.702Z] ----------------------------------------------------------------------
[debug] [2023-05-14T03:40:36.705Z] Command:       C:\Program Files\nodejs\node.exe C:\Users\jannn\AppData\Roaming\npm\node_modules\firebase-tools\lib\bin\firebase.js init
[debug] [2023-05-14T03:40:36.706Z] CLI Version:   11.25.2
[debug] [2023-05-14T03:40:36.706Z] Platform:      win32
[debug] [2023-05-14T03:40:36.706Z] Node Version:  v18.15.0
[debug] [2023-05-14T03:40:36.708Z] Time:          Sun May 14 2023 08:40:36 GMT+0500 (Pakistan Standard Time)
[debug] [2023-05-14T03:40:36.708Z] ----------------------------------------------------------------------
[debug] 
[debug] [2023-05-14T03:40:36.870Z] > command requires scopes: ["email","openid","https://www.googleapis.com/auth/cloudplatformprojects.readonly","https://www.googleapis.com/auth/firebase","https://www.googleapis.com/auth/cloud-platform"]
[debug] [2023-05-14T03:40:36.871Z] > authorizing via signed-in user (rajput.zada128@gmail.com)
[info] 
     ######## #### ########  ######## ########     ###     ######  ########
     ##        ##  ##     ## ##       ##     ##  ##   ##  ##       ##
     ######    ##  ########  ######   ########  #########  ######  ######
     ##        ##  ##    ##  ##       ##     ## ##     ##       ## ##
     ##       #### ##     ## ######## ########  ##     ##  ######  ########

You're about to initialize a Firebase project in this directory:

  F:\Nabeel\React\React_Pages

Before we get started, keep in mind:

  * You are initializing within an existing Firebase project directory

